2026-06-14 16:07:35.654 [info] Reading sessions from keychain...
2026-06-14 16:07:35.654 [info] Got stored sessions!
2026-06-14 16:07:35.654 [info] Got 6 verified sessions.
2026-06-14 16:07:35.654 [info] Getting sessions for all scopes...
2026-06-14 16:07:35.654 [info] Got 6 sessions for ...
2026-06-14 16:07:35.654 [info] Getting sessions for all scopes...
2026-06-14 16:07:35.654 [info] Got 6 sessions for ...
2026-06-14 16:07:35.654 [info] Getting sessions for codespace,read:user,repo,user:email...
2026-06-14 16:07:35.654 [info] Got 1 sessions for codespace,read:user,repo,user:email...
2026-06-14 16:07:35.654 [info] Getting sessions for all scopes...
2026-06-14 16:07:35.654 [info] Got 6 sessions for ...
2026-06-14 16:07:35.654 [info] Getting sessions for all scopes...
2026-06-14 16:07:35.654 [info] Got 6 sessions for ...
2026-06-14 16:07:36.286 [info] Getting sessions for all scopes...
2026-06-14 16:07:36.286 [info] Got 6 sessions for ...
2026-06-14 16:07:36.840 [info] Getting sessions for all scopes...
2026-06-14 16:07:36.845 [info] Got 6 sessions for ...
2026-06-14 16:07:37.972 [info] Getting sessions for project,read:org,read:user,repo,user:email,workflow...
2026-06-14 16:07:37.972 [info] Got 0 sessions for project,read:org,read:user,repo,user:email,workflow...
2026-06-14 16:07:38.249 [info] Getting sessions for all scopes...
2026-06-14 16:07:38.249 [info] Got 6 sessions for ...
2026-06-14 16:07:38.249 [info] Getting sessions for read:user,repo,user:email,workflow...
2026-06-14 16:07:38.249 [info] Got 1 sessions for read:user,repo,user:email,workflow...
2026-06-14 16:07:38.601 [info] FetcherService: Node fetch failed with status: 429 Too Many Requests
2026-06-14 16:07:38.628 [info] Unable to resolve optional EDU details. Status: 429 Too Many Requests
2026-06-14 16:07:38.630 [info] Getting sessions for all scopes...
2026-06-14 16:07:38.630 [info] Got 6 sessions for ...
2026-06-14 16:07:39.010 [info] Getting sessions for all scopes...
2026-06-14 16:07:39.015 [info] Got 6 sessions for ...
2026-06-14 16:07:39.309 [info] Getting sessions for read:user,repo,user:email,workflow...
2026-06-14 16:07:39.309 [info] Got 1 sessions for read:user,repo,user:email,workflow...
2026-06-14 16:07:56.180 [info] Getting sessions for all scopes...
2026-06-14 16:07:56.180 [info] Got 6 sessions for ...
2026-06-14 16:07:57.180 [info] Getting sessions for all scopes...
2026-06-14 16:07:57.180 [info] Got 6 sessions for ...
2026-06-14 16:07:57.415 [info] Getting sessions for all scopes...
2026-06-14 16:07:57.415 [info] Got 6 sessions for ...
2026-06-14 16:07:57.549 [info] Getting sessions for all scopes...
2026-06-14 16:07:57.549 [info] Got 6 sessions for ...
2026-06-14 16:07:58.105 [info] Getting sessions for all scopes...
2026-06-14 16:07:58.105 [info] Got 6 sessions for ...
2026-06-14 16:07:58.629 [info] Getting sessions for all scopes...
2026-06-14 16:07:58.629 [info] Got 6 sessions for ...
2026-06-14 16:07:58.854 [info] Getting sessions for all scopes...
2026-06-14 16:07:58.854 [info] Got 6 sessions for ...
2026-06-14 16:07:59.222 [info] Getting sessions for all scopes...
2026-06-14 16:07:59.222 [info] Got 6 sessions for ...
2026-06-14 16:07:59.464 [info] Getting sessions for all scopes...
2026-06-14 16:07:59.464 [info] Got 6 sessions for ...
2026-06-14 16:07:59.852 [info] Getting sessions for user:email...
2026-06-14 16:07:59.852 [info] Got 1 sessions for user:email...
2026-06-14 16:08:09.816 [info] Getting sessions for all scopes...
2026-06-14 16:08:09.816 [info] Got 6 sessions for ...
2026-06-14 16:09:11.767 [info] Getting sessions for all scopes...
2026-06-14 16:09:11.767 [info] Got 6 sessions for ...
2026-06-14 16:09:11.890 [info] Getting sessions for all scopes...
2026-06-14 16:09:11.890 [info] Got 6 sessions for ...
