2026-06-13 21:48:31.621 [info] [main] Log level: Info
2026-06-13 21:48:31.621 [info] [main] Validating found git in: "git"
2026-06-13 21:48:31.621 [info] [main] Using git "2.53.0" from "git"
2026-06-13 21:48:31.621 [info] [Model][doInitialScan] Initial repository scan started
2026-06-13 21:48:31.621 [info] > git rev-parse --show-toplevel [4ms]
2026-06-13 21:48:31.621 [info] > git rev-parse --git-dir --git-common-dir --show-superproject-working-tree [23ms]
2026-06-13 21:48:34.209 [info] [Model][openRepository] Opened repository (path): /workspaces/little-lemon-capstone
2026-06-13 21:48:34.209 [info] [Model][openRepository] Opened repository (real path): /workspaces/little-lemon-capstone
2026-06-13 21:48:34.209 [info] [Model][openRepository] Opened repository (kind): repository
2026-06-13 21:48:34.252 [info] > git config --get commit.template [15ms]
2026-06-13 21:48:34.253 [info] > git config --get --local core.virtualfilesystem [26ms]
2026-06-13 21:48:34.253 [warning] [Git][config] git config failed: Failed to execute git
2026-06-13 21:48:34.255 [info] > git rev-parse --show-toplevel [6ms]
2026-06-13 21:48:34.271 [info] > git rev-parse --show-toplevel [1ms]
2026-06-13 21:48:34.274 [info] [Model][doInitialScan] Initial repository scan completed - repositories (1), closed repositories (0), parent repositories (0), unsafe repositories (0)
2026-06-13 21:48:34.285 [info] > git for-each-ref --format=%(refname)%00%(upstream:short)%00%(objectname)%00%(upstream:track)%00%(upstream:remotename)%00%(upstream:remoteref) refs/heads/main refs/remotes/main [22ms]
2026-06-13 21:48:34.302 [warning] [Git][revParse] Unable to read file: ENOENT: no such file or directory, open '/workspaces/little-lemon-capstone/.git/refs/remotes/origin/main'
2026-06-13 21:48:34.308 [info] > git rev-parse refs/remotes/origin/main [5ms]
2026-06-13 21:48:34.342 [info] > git status -z -uall [12ms]
2026-06-13 21:48:34.343 [info] > git for-each-ref --sort -committerdate --format %(refname)%00%(objectname)%00%(*objectname) [2ms]
2026-06-13 21:48:34.387 [info] > git for-each-ref --format=%(refname)%00%(upstream:short)%00%(objectname)%00%(upstream:track)%00%(upstream:remotename)%00%(upstream:remoteref) refs/heads/main refs/remotes/main [10ms]
2026-06-13 21:48:34.398 [info] > git config --get --local branch.main.vscode-merge-base [1ms]
2026-06-13 21:48:34.398 [warning] [Git][config] git config failed: Failed to execute git
2026-06-13 21:48:34.404 [info] > git config --get commit.template [18ms]
2026-06-13 21:48:34.411 [info] > git reflog main --grep-reflog=branch: Created from *. [8ms]
2026-06-13 21:48:34.418 [info] > git symbolic-ref --short refs/remotes/origin/HEAD [1ms]
2026-06-13 21:48:34.423 [info] > git for-each-ref --format=%(refname)%00%(upstream:short)%00%(objectname)%00%(upstream:track)%00%(upstream:remotename)%00%(upstream:remoteref) refs/heads/main refs/remotes/main [13ms]
2026-06-13 21:48:34.428 [warning] [Git][revParse] Unable to read file: ENOENT: no such file or directory, open '/workspaces/little-lemon-capstone/.git/refs/remotes/origin/main'
2026-06-13 21:48:34.428 [info] > git for-each-ref --format=%(refname)%00%(upstream:short)%00%(objectname)%00%(upstream:track)%00%(upstream:remotename)%00%(upstream:remoteref) refs/heads/origin/main refs/remotes/origin/main [5ms]
2026-06-13 21:48:34.433 [info] > git rev-parse refs/remotes/origin/main [5ms]
2026-06-13 21:48:34.447 [info] > git status -z -uall [8ms]
2026-06-13 21:48:34.447 [info] > git config --add --local branch.main.vscode-merge-base origin/main [14ms]
2026-06-13 21:48:34.448 [info] > git for-each-ref --sort -committerdate --format %(refname)%00%(objectname)%00%(*objectname) [4ms] (cancelled)
2026-06-13 21:48:34.473 [info] > git config --get commit.template [6ms]
2026-06-13 21:48:34.480 [info] > git for-each-ref --format=%(refname)%00%(upstream:short)%00%(objectname)%00%(upstream:track)%00%(upstream:remotename)%00%(upstream:remoteref) refs/heads/main refs/remotes/main [2ms]
2026-06-13 21:48:34.485 [warning] [Git][revParse] Unable to read file: ENOENT: no such file or directory, open '/workspaces/little-lemon-capstone/.git/refs/remotes/origin/main'
2026-06-13 21:48:34.486 [info] > git rev-parse refs/remotes/origin/main [1ms]
2026-06-13 21:48:34.499 [info] > git status -z -uall [9ms]
2026-06-13 21:48:34.505 [info] > git for-each-ref --sort -committerdate --format %(refname)%00%(objectname)%00%(*objectname) [7ms]
2026-06-13 21:48:34.525 [info] > git merge-base refs/heads/main refs/remotes/origin/main [1ms]
2026-06-13 21:48:34.531 [info] > git merge-base refs/heads/main refs/remotes/origin/main [16ms]
2026-06-13 21:48:34.537 [info] > git diff --raw --numstat --diff-filter=ADMR -z --find-renames=50% 64fdc163561b7ed51b96c3bc59a6fbe5194f19e8...refs/remotes/origin/main -- [6ms]
2026-06-13 21:48:34.540 [info] > git diff --raw --numstat --diff-filter=ADMR -z --find-renames=50% 64fdc163561b7ed51b96c3bc59a6fbe5194f19e8...refs/remotes/origin/main -- [4ms]
2026-06-13 21:48:37.548 [info] > git check-ignore -v -z --stdin [2ms]
2026-06-13 21:48:38.825 [info] > git check-ignore -v -z --stdin [1ms]
2026-06-13 21:49:01.414 [info] > git config --local -l [73ms]
2026-06-13 21:49:02.512 [info] > git config --local -l [35ms]
2026-06-13 21:49:02.513 [info] > git config --local -l [43ms]
2026-06-13 21:49:02.514 [info] > git config --local -l [49ms]
2026-06-13 21:49:02.514 [info] > git config --local -l [56ms]
2026-06-13 21:49:50.638 [info] > git config --local -l [87ms]
2026-06-13 21:49:50.768 [info] > git for-each-ref --count=10 --sort -committerdate --format %(refname)%00%(objectname)%00%(*objectname) refs/heads/ [241ms]
2026-06-13 21:49:50.827 [info] > git config --local -l [314ms]
2026-06-13 21:49:50.831 [info] > git config --local -l [329ms]
2026-06-13 21:49:50.832 [info] > git config --local -l [342ms]
2026-06-13 21:49:50.832 [info] > git config --local -l [351ms]
2026-06-13 21:49:50.832 [info] > git config --local -l [363ms]
2026-06-13 21:49:50.994 [info] > git config --local -l [167ms]
2026-06-13 21:49:51.017 [info] > git for-each-ref --format=%(refname)%00%(upstream:short)%00%(objectname)%00%(upstream:track)%00%(upstream:remotename)%00%(upstream:remoteref) refs/heads/main refs/remotes/main [2ms]
2026-06-13 21:54:01.361 [info] > git config --local -l [0ms]
2026-06-13 21:54:01.474 [info] > git config --local -l [0ms]
2026-06-13 21:59:02.803 [info] > git config --local -l [0ms]
