2026-06-14 15:46:30.046 [info] Reading sessions from keychain...
2026-06-14 15:46:30.046 [info] Got stored sessions!
2026-06-14 15:46:30.046 [info] Got 6 verified sessions.
2026-06-14 15:46:30.046 [info] Getting sessions for all scopes...
2026-06-14 15:46:30.046 [info] Got 6 sessions for ...
2026-06-14 15:46:30.046 [info] Getting sessions for all scopes...
2026-06-14 15:46:30.046 [info] Got 6 sessions for ...
2026-06-14 15:46:30.046 [info] Getting sessions for all scopes...
2026-06-14 15:46:30.047 [info] Got 6 sessions for ...
2026-06-14 15:46:30.047 [info] Getting sessions for all scopes...
2026-06-14 15:46:30.047 [info] Got 6 sessions for ...
2026-06-14 15:46:30.047 [info] Getting sessions for user:email...
2026-06-14 15:46:30.047 [info] Got 1 sessions for user:email...
2026-06-14 15:46:32.246 [info] Getting sessions for all scopes...
2026-06-14 15:46:32.246 [info] Got 6 sessions for ...
2026-06-14 15:46:32.246 [info] Getting sessions for all scopes...
2026-06-14 15:46:32.247 [info] Got 6 sessions for ...
2026-06-14 15:46:32.333 [info] Getting sessions for codespace,read:user,repo,user:email...
2026-06-14 15:46:32.333 [info] Got 1 sessions for codespace,read:user,repo,user:email...
2026-06-14 15:46:34.260 [info] Getting sessions for all scopes...
2026-06-14 15:46:34.278 [info] Got 6 sessions for ...
2026-06-14 15:46:36.780 [info] Getting sessions for all scopes...
2026-06-14 15:46:36.783 [info] Got 6 sessions for ...
2026-06-14 15:46:37.094 [info] FetcherService: Node fetch failed with status: 429 Too Many Requests
2026-06-14 15:46:37.110 [info] Unable to resolve optional EDU details. Status: 429 Too Many Requests
2026-06-14 15:46:39.829 [info] Getting sessions for project,read:org,read:user,repo,user:email,workflow...
2026-06-14 15:46:39.829 [info] Got 0 sessions for project,read:org,read:user,repo,user:email,workflow...
2026-06-14 15:46:39.891 [info] Getting sessions for all scopes...
2026-06-14 15:46:39.891 [info] Got 6 sessions for ...
2026-06-14 15:46:39.891 [info] Getting sessions for read:user,repo,user:email,workflow...
2026-06-14 15:46:39.891 [info] Got 1 sessions for read:user,repo,user:email,workflow...
2026-06-14 15:46:41.755 [info] Getting sessions for all scopes...
2026-06-14 15:46:41.755 [info] Got 6 sessions for ...
2026-06-14 15:46:43.456 [info] Getting sessions for all scopes...
2026-06-14 15:46:43.458 [info] Got 6 sessions for ...
2026-06-14 15:46:45.177 [info] Getting sessions for read:user,repo,user:email,workflow...
2026-06-14 15:46:45.177 [info] Got 1 sessions for read:user,repo,user:email,workflow...
2026-06-14 15:47:31.672 [info] Getting sessions for all scopes...
2026-06-14 15:47:31.672 [info] Got 6 sessions for ...
2026-06-14 15:47:33.535 [info] Getting sessions for all scopes...
2026-06-14 15:47:33.535 [info] Got 6 sessions for ...
2026-06-14 15:47:34.041 [info] Getting sessions for all scopes...
2026-06-14 15:47:34.041 [info] Got 6 sessions for ...
2026-06-14 15:47:35.491 [info] Getting sessions for all scopes...
2026-06-14 15:47:35.492 [info] Got 6 sessions for ...
2026-06-14 15:47:55.150 [info] Getting sessions for all scopes...
2026-06-14 15:47:55.150 [info] Got 6 sessions for ...
2026-06-14 15:47:55.954 [info] Getting sessions for all scopes...
2026-06-14 15:47:55.954 [info] Got 6 sessions for ...
2026-06-14 15:50:03.610 [info] Getting sessions for all scopes...
2026-06-14 15:50:03.610 [info] Got 6 sessions for ...
2026-06-14 15:50:03.727 [info] Getting sessions for all scopes...
2026-06-14 15:50:03.727 [info] Got 6 sessions for ...
2026-06-14 15:50:36.062 [info] Getting sessions for all scopes...
2026-06-14 15:50:36.063 [info] Got 6 sessions for ...
2026-06-14 15:50:36.175 [info] Getting sessions for all scopes...
2026-06-14 15:50:36.175 [info] Got 6 sessions for ...
2026-06-14 15:52:44.463 [info] Getting sessions for all scopes...
2026-06-14 15:52:44.463 [info] Got 6 sessions for ...
2026-06-14 15:52:44.574 [info] Getting sessions for all scopes...
2026-06-14 15:52:44.574 [info] Got 6 sessions for ...
2026-06-14 15:54:01.390 [info] Getting sessions for all scopes...
2026-06-14 15:54:01.391 [info] Got 6 sessions for ...
2026-06-14 15:54:01.552 [info] Getting sessions for all scopes...
2026-06-14 15:54:01.552 [info] Got 6 sessions for ...
2026-06-14 15:54:33.106 [info] Getting sessions for all scopes...
2026-06-14 15:54:33.106 [info] Got 6 sessions for ...
2026-06-14 15:54:33.227 [info] Getting sessions for all scopes...
2026-06-14 15:54:33.227 [info] Got 6 sessions for ...
2026-06-14 15:55:32.971 [info] Getting sessions for all scopes...
2026-06-14 15:55:32.971 [info] Got 6 sessions for ...
2026-06-14 15:55:33.082 [info] Getting sessions for all scopes...
2026-06-14 15:55:33.082 [info] Got 6 sessions for ...
2026-06-14 15:55:38.283 [info] Getting sessions for all scopes...
2026-06-14 15:55:38.283 [info] Got 6 sessions for ...
2026-06-14 15:55:38.416 [info] Getting sessions for all scopes...
2026-06-14 15:55:38.416 [info] Got 6 sessions for ...
