2026-06-14 16:07:31.414 [info] Extension host with pid 12477 started
2026-06-14 16:07:31.414 [error] Error: EEXIST: file already exists, open '/home/codespace/.vscode-remote/data/User/workspaceStorage/7ccacfc4/vscode.lock'
2026-06-14 16:07:31.415 [info] Lock '/home/codespace/.vscode-remote/data/User/workspaceStorage/7ccacfc4/vscode.lock': Could not acquire lock, checking if the file is stale.
2026-06-14 16:07:31.416 [info] Lock '/home/codespace/.vscode-remote/data/User/workspaceStorage/7ccacfc4/vscode.lock': The lock does not look stale, elapsed: 378 ms, giving up.
2026-06-14 16:07:31.425 [error] Error: EEXIST: file already exists, open '/home/codespace/.vscode-remote/data/User/workspaceStorage/7ccacfc4-1/vscode.lock'
2026-06-14 16:07:31.429 [info] Lock '/home/codespace/.vscode-remote/data/User/workspaceStorage/7ccacfc4-1/vscode.lock': Could not acquire lock, checking if the file is stale.
2026-06-14 16:07:31.431 [info] Lock '/home/codespace/.vscode-remote/data/User/workspaceStorage/7ccacfc4-1/vscode.lock': The pid 4839 appears to be gone.
2026-06-14 16:07:31.431 [info] Lock '/home/codespace/.vscode-remote/data/User/workspaceStorage/7ccacfc4-1/vscode.lock': Deleting a stale lock.
2026-06-14 16:07:31.458 [info] Lock '/home/codespace/.vscode-remote/data/User/workspaceStorage/7ccacfc4-1/vscode.lock': Lock acquired.
2026-06-14 16:07:31.851 [info] ExtensionService#_doActivateExtension vscode.github-authentication, startup: false, activationEvent: 'onAuthenticationRequest:github'
2026-06-14 16:07:31.852 [info] ExtensionService#_doActivateExtension vscode.emmet, startup: false, activationEvent: 'onLanguage'
2026-06-14 16:07:31.853 [info] ExtensionService#_doActivateExtension GitHub.codespaces, startup: false, activationEvent: 'onCommand:github.codespaces.activate'
2026-06-14 16:07:31.853 [info] ExtensionService#_doActivateExtension vscode.git-base, startup: false, activationEvent: '*', root cause: vscode.git
2026-06-14 16:07:31.853 [info] ExtensionService#_doActivateExtension vscode.markdown-language-features, startup: false, activationEvent: 'onWebviewPanel:markdown.preview'
2026-06-14 16:07:33.581 [error] PendingMigrationError: navigator is now a global in nodejs, please see https://aka.ms/vscode-extensions/navigator for additional info on this error.
    at get (file:///vscode/bin/linux-x64/6928394f91b684055b873eecb8bc281365131f1c/out/vs/workbench/api/node/extensionHostProcess.js:837:7243)
    at Object.33559 (/home/codespace/.vscode-remote/extensions/node_modules/axios/dist/node/axios.cjs:1513:21)
    at __webpack_require__ (/home/codespace/.vscode-remote/extensions/github.codespaces-1.18.13/webpack/bootstrap:19:32)
    at Object.86259 (/home/codespace/.vscode-remote/extensions/node_modules/@microsoft/dev-tunnels-management/tunnelManagementHttpClient.js:12:17)
    at __webpack_require__ (/home/codespace/.vscode-remote/extensions/github.codespaces-1.18.13/webpack/bootstrap:19:32)
    at Object.74061 (/home/codespace/.vscode-remote/extensions/node_modules/@microsoft/dev-tunnels-management/index.js:19:14)
    at __webpack_require__ (/home/codespace/.vscode-remote/extensions/github.codespaces-1.18.13/webpack/bootstrap:19:32)
    at Object.48577 (/home/codespace/.vscode-remote/extensions/node_modules/@microsoft/dev-tunnels-connections/tunnelConnectionSession.js:7:34)
    at __webpack_require__ (/home/codespace/.vscode-remote/extensions/github.codespaces-1.18.13/webpack/bootstrap:19:32)
    at Object.19773 (/home/codespace/.vscode-remote/extensions/node_modules/@microsoft/dev-tunnels-connections/tunnelRelayTunnelClient.js:14:35)
    at __webpack_require__ (/home/codespace/.vscode-remote/extensions/github.codespaces-1.18.13/webpack/bootstrap:19:32)
    at Object.73551 (/home/codespace/.vscode-remote/extensions/node_modules/@microsoft/dev-tunnels-connections/index.js:31:14)
    at __webpack_require__ (/home/codespace/.vscode-remote/extensions/github.codespaces-1.18.13/webpack/bootstrap:19:32)
    at Object.72780 (/home/codespace/.vscode-remote/extensions/codespaces-internal/dist/src/connection/tunnelProvider.js:20:35)
    at __webpack_require__ (/home/codespace/.vscode-remote/extensions/github.codespaces-1.18.13/webpack/bootstrap:19:32)
    at Object.44731 (/home/codespace/.vscode-remote/extensions/codespaces-internal/dist/src/connection/index.js:18:14)
    at __webpack_require__ (/home/codespace/.vscode-remote/extensions/github.codespaces-1.18.13/webpack/bootstrap:19:32)
    at Object.8622 (/home/codespace/.vscode-remote/extensions/codespaces-internal/dist/src/index.js:17:14)
    at __webpack_require__ (/home/codespace/.vscode-remote/extensions/github.codespaces-1.18.13/webpack/bootstrap:19:32)
    at Object.14086 (/home/codespace/.vscode-remote/extensions/vscode-command-framework/dist/src/vscodeIdleStatus/VscodeActivityProvider.js:4:31)
    at __webpack_require__ (/home/codespace/.vscode-remote/extensions/github.codespaces-1.18.13/webpack/bootstrap:19:32)
    at Object.82235 (/home/codespace/.vscode-remote/extensions/vscode-command-framework/dist/src/index.js:53:32)
    at __webpack_require__ (/home/codespace/.vscode-remote/extensions/github.codespaces-1.18.13/webpack/bootstrap:19:32)
    at /home/codespace/.vscode-remote/extensions/github.codespaces-1.18.13/out/bundle/extension-node.js:1554:244239
    at /home/codespace/.vscode-remote/extensions/github.codespaces-1.18.13/out/bundle/extension-node.js:1559:141965
    at Object.<anonymous> (/home/codespace/.vscode-remote/extensions/github.codespaces-1.18.13/out/bundle/extension-node.js:1559:142004)
    at Module._compile (node:internal/modules/cjs/loader:1830:14)
    at Object..js (node:internal/modules/cjs/loader:1961:10)
    at Module.load (node:internal/modules/cjs/loader:1553:32)
    at Module.<anonymous> (node:internal/modules/cjs/loader:1355:12)
    at Module.i._load (file:///vscode/bin/linux-x64/6928394f91b684055b873eecb8bc281365131f1c/out/vs/workbench/api/node/extensionHostProcess.js:837:6622)
    at Module.n._load (file:///vscode/bin/linux-x64/6928394f91b684055b873eecb8bc281365131f1c/out/vs/workbench/api/node/extensionHostProcess.js:683:28855)
    at Module.n._load (file:///vscode/bin/linux-x64/6928394f91b684055b873eecb8bc281365131f1c/out/vs/workbench/api/node/extensionHostProcess.js:675:25826)
    at wrapModuleLoad (node:internal/modules/cjs/loader:255:19)
    at Module.require (node:internal/modules/cjs/loader:1576:12)
    at require (node:internal/modules/helpers:153:16)
    at SP._doLoadModule (file:///vscode/bin/linux-x64/6928394f91b684055b873eecb8bc281365131f1c/out/vs/workbench/api/node/extensionHostProcess.js:686:1487)
    at processTicksAndRejections (node:internal/process/task_queues:104:5)
2026-06-14 16:07:33.674 [error] PendingMigrationError: navigator is now a global in nodejs, please see https://aka.ms/vscode-extensions/navigator for additional info on this error.
    at get (file:///vscode/bin/linux-x64/6928394f91b684055b873eecb8bc281365131f1c/out/vs/workbench/api/node/extensionHostProcess.js:837:7243)
    at Object.5886 (/home/codespace/.vscode-remote/extensions/node_modules/axios/lib/platform/common/utils.js:3:21)
    at __webpack_require__ (/home/codespace/.vscode-remote/extensions/github.codespaces-1.18.13/webpack/bootstrap:19:32)
    at /home/codespace/.vscode-remote/extensions/github.codespaces-1.18.13/out/bundle/extension-node.js:1554:263837
    at /home/codespace/.vscode-remote/extensions/github.codespaces-1.18.13/out/bundle/extension-node.js:1559:141965
    at Object.<anonymous> (/home/codespace/.vscode-remote/extensions/github.codespaces-1.18.13/out/bundle/extension-node.js:1559:142004)
    at Module._compile (node:internal/modules/cjs/loader:1830:14)
    at Object..js (node:internal/modules/cjs/loader:1961:10)
    at Module.load (node:internal/modules/cjs/loader:1553:32)
    at Module.<anonymous> (node:internal/modules/cjs/loader:1355:12)
    at Module.i._load (file:///vscode/bin/linux-x64/6928394f91b684055b873eecb8bc281365131f1c/out/vs/workbench/api/node/extensionHostProcess.js:837:6622)
    at Module.n._load (file:///vscode/bin/linux-x64/6928394f91b684055b873eecb8bc281365131f1c/out/vs/workbench/api/node/extensionHostProcess.js:683:28855)
    at Module.n._load (file:///vscode/bin/linux-x64/6928394f91b684055b873eecb8bc281365131f1c/out/vs/workbench/api/node/extensionHostProcess.js:675:25826)
    at wrapModuleLoad (node:internal/modules/cjs/loader:255:19)
    at Module.require (node:internal/modules/cjs/loader:1576:12)
    at require (node:internal/modules/helpers:153:16)
    at SP._doLoadModule (file:///vscode/bin/linux-x64/6928394f91b684055b873eecb8bc281365131f1c/out/vs/workbench/api/node/extensionHostProcess.js:686:1487)
    at processTicksAndRejections (node:internal/process/task_queues:104:5)
2026-06-14 16:07:33.679 [error] PendingMigrationError: navigator is now a global in nodejs, please see https://aka.ms/vscode-extensions/navigator for additional info on this error.
    at get (file:///vscode/bin/linux-x64/6928394f91b684055b873eecb8bc281365131f1c/out/vs/workbench/api/node/extensionHostProcess.js:837:7243)
    at getUserAgent (/home/codespace/.vscode-remote/extensions/node_modules/universal-user-agent/dist-web/index.js:2:5)
    at Object.5886 (/home/codespace/.vscode-remote/extensions/node_modules/@octokit/endpoint/dist-src/defaults.js:3:53)
    at __webpack_require__ (/home/codespace/.vscode-remote/extensions/github.codespaces-1.18.13/webpack/bootstrap:19:32)
    at /home/codespace/.vscode-remote/extensions/github.codespaces-1.18.13/out/bundle/extension-node.js:1554:263837
    at /home/codespace/.vscode-remote/extensions/github.codespaces-1.18.13/out/bundle/extension-node.js:1559:141965
    at Object.<anonymous> (/home/codespace/.vscode-remote/extensions/github.codespaces-1.18.13/out/bundle/extension-node.js:1559:142004)
    at Module._compile (node:internal/modules/cjs/loader:1830:14)
    at Object..js (node:internal/modules/cjs/loader:1961:10)
    at Module.load (node:internal/modules/cjs/loader:1553:32)
    at Module.<anonymous> (node:internal/modules/cjs/loader:1355:12)
    at Module.i._load (file:///vscode/bin/linux-x64/6928394f91b684055b873eecb8bc281365131f1c/out/vs/workbench/api/node/extensionHostProcess.js:837:6622)
    at Module.n._load (file:///vscode/bin/linux-x64/6928394f91b684055b873eecb8bc281365131f1c/out/vs/workbench/api/node/extensionHostProcess.js:683:28855)
    at Module.n._load (file:///vscode/bin/linux-x64/6928394f91b684055b873eecb8bc281365131f1c/out/vs/workbench/api/node/extensionHostProcess.js:675:25826)
    at wrapModuleLoad (node:internal/modules/cjs/loader:255:19)
    at Module.require (node:internal/modules/cjs/loader:1576:12)
    at require (node:internal/modules/helpers:153:16)
    at SP._doLoadModule (file:///vscode/bin/linux-x64/6928394f91b684055b873eecb8bc281365131f1c/out/vs/workbench/api/node/extensionHostProcess.js:686:1487)
    at processTicksAndRejections (node:internal/process/task_queues:104:5)
2026-06-14 16:07:33.680 [error] PendingMigrationError: navigator is now a global in nodejs, please see https://aka.ms/vscode-extensions/navigator for additional info on this error.
    at get (file:///vscode/bin/linux-x64/6928394f91b684055b873eecb8bc281365131f1c/out/vs/workbench/api/node/extensionHostProcess.js:837:7243)
    at getUserAgent (/home/codespace/.vscode-remote/extensions/node_modules/universal-user-agent/dist-web/index.js:2:5)
    at Object.5886 (/home/codespace/.vscode-remote/extensions/node_modules/@octokit/request/dist-src/index.js:7:52)
    at __webpack_require__ (/home/codespace/.vscode-remote/extensions/github.codespaces-1.18.13/webpack/bootstrap:19:32)
    at /home/codespace/.vscode-remote/extensions/github.codespaces-1.18.13/out/bundle/extension-node.js:1554:263837
    at /home/codespace/.vscode-remote/extensions/github.codespaces-1.18.13/out/bundle/extension-node.js:1559:141965
    at Object.<anonymous> (/home/codespace/.vscode-remote/extensions/github.codespaces-1.18.13/out/bundle/extension-node.js:1559:142004)
    at Module._compile (node:internal/modules/cjs/loader:1830:14)
    at Object..js (node:internal/modules/cjs/loader:1961:10)
    at Module.load (node:internal/modules/cjs/loader:1553:32)
    at Module.<anonymous> (node:internal/modules/cjs/loader:1355:12)
    at Module.i._load (file:///vscode/bin/linux-x64/6928394f91b684055b873eecb8bc281365131f1c/out/vs/workbench/api/node/extensionHostProcess.js:837:6622)
    at Module.n._load (file:///vscode/bin/linux-x64/6928394f91b684055b873eecb8bc281365131f1c/out/vs/workbench/api/node/extensionHostProcess.js:683:28855)
    at Module.n._load (file:///vscode/bin/linux-x64/6928394f91b684055b873eecb8bc281365131f1c/out/vs/workbench/api/node/extensionHostProcess.js:675:25826)
    at wrapModuleLoad (node:internal/modules/cjs/loader:255:19)
    at Module.require (node:internal/modules/cjs/loader:1576:12)
    at require (node:internal/modules/helpers:153:16)
    at SP._doLoadModule (file:///vscode/bin/linux-x64/6928394f91b684055b873eecb8bc281365131f1c/out/vs/workbench/api/node/extensionHostProcess.js:686:1487)
    at processTicksAndRejections (node:internal/process/task_queues:104:5)
2026-06-14 16:07:33.681 [error] PendingMigrationError: navigator is now a global in nodejs, please see https://aka.ms/vscode-extensions/navigator for additional info on this error.
    at get (file:///vscode/bin/linux-x64/6928394f91b684055b873eecb8bc281365131f1c/out/vs/workbench/api/node/extensionHostProcess.js:837:7243)
    at getUserAgent (/home/codespace/.vscode-remote/extensions/node_modules/universal-user-agent/dist-web/index.js:2:5)
    at Object.5886 (/home/codespace/.vscode-remote/extensions/node_modules/@octokit/graphql/dist-web/index.js:112:52)
    at __webpack_require__ (/home/codespace/.vscode-remote/extensions/github.codespaces-1.18.13/webpack/bootstrap:19:32)
    at /home/codespace/.vscode-remote/extensions/github.codespaces-1.18.13/out/bundle/extension-node.js:1554:263837
    at /home/codespace/.vscode-remote/extensions/github.codespaces-1.18.13/out/bundle/extension-node.js:1559:141965
    at Object.<anonymous> (/home/codespace/.vscode-remote/extensions/github.codespaces-1.18.13/out/bundle/extension-node.js:1559:142004)
    at Module._compile (node:internal/modules/cjs/loader:1830:14)
    at Object..js (node:internal/modules/cjs/loader:1961:10)
    at Module.load (node:internal/modules/cjs/loader:1553:32)
    at Module.<anonymous> (node:internal/modules/cjs/loader:1355:12)
    at Module.i._load (file:///vscode/bin/linux-x64/6928394f91b684055b873eecb8bc281365131f1c/out/vs/workbench/api/node/extensionHostProcess.js:837:6622)
    at Module.n._load (file:///vscode/bin/linux-x64/6928394f91b684055b873eecb8bc281365131f1c/out/vs/workbench/api/node/extensionHostProcess.js:683:28855)
    at Module.n._load (file:///vscode/bin/linux-x64/6928394f91b684055b873eecb8bc281365131f1c/out/vs/workbench/api/node/extensionHostProcess.js:675:25826)
    at wrapModuleLoad (node:internal/modules/cjs/loader:255:19)
    at Module.require (node:internal/modules/cjs/loader:1576:12)
    at require (node:internal/modules/helpers:153:16)
    at SP._doLoadModule (file:///vscode/bin/linux-x64/6928394f91b684055b873eecb8bc281365131f1c/out/vs/workbench/api/node/extensionHostProcess.js:686:1487)
    at processTicksAndRejections (node:internal/process/task_queues:104:5)
2026-06-14 16:07:33.682 [error] PendingMigrationError: navigator is now a global in nodejs, please see https://aka.ms/vscode-extensions/navigator for additional info on this error.
    at get (file:///vscode/bin/linux-x64/6928394f91b684055b873eecb8bc281365131f1c/out/vs/workbench/api/node/extensionHostProcess.js:837:7243)
    at getUserAgent (/home/codespace/.vscode-remote/extensions/node_modules/universal-user-agent/dist-web/index.js:2:5)
    at Object.5886 (/home/codespace/.vscode-remote/extensions/node_modules/@octokit/core/dist-web/index.js:16:52)
    at __webpack_require__ (/home/codespace/.vscode-remote/extensions/github.codespaces-1.18.13/webpack/bootstrap:19:32)
    at /home/codespace/.vscode-remote/extensions/github.codespaces-1.18.13/out/bundle/extension-node.js:1554:263837
    at /home/codespace/.vscode-remote/extensions/github.codespaces-1.18.13/out/bundle/extension-node.js:1559:141965
    at Object.<anonymous> (/home/codespace/.vscode-remote/extensions/github.codespaces-1.18.13/out/bundle/extension-node.js:1559:142004)
    at Module._compile (node:internal/modules/cjs/loader:1830:14)
    at Object..js (node:internal/modules/cjs/loader:1961:10)
    at Module.load (node:internal/modules/cjs/loader:1553:32)
    at Module.<anonymous> (node:internal/modules/cjs/loader:1355:12)
    at Module.i._load (file:///vscode/bin/linux-x64/6928394f91b684055b873eecb8bc281365131f1c/out/vs/workbench/api/node/extensionHostProcess.js:837:6622)
    at Module.n._load (file:///vscode/bin/linux-x64/6928394f91b684055b873eecb8bc281365131f1c/out/vs/workbench/api/node/extensionHostProcess.js:683:28855)
    at Module.n._load (file:///vscode/bin/linux-x64/6928394f91b684055b873eecb8bc281365131f1c/out/vs/workbench/api/node/extensionHostProcess.js:675:25826)
    at wrapModuleLoad (node:internal/modules/cjs/loader:255:19)
    at Module.require (node:internal/modules/cjs/loader:1576:12)
    at require (node:internal/modules/helpers:153:16)
    at SP._doLoadModule (file:///vscode/bin/linux-x64/6928394f91b684055b873eecb8bc281365131f1c/out/vs/workbench/api/node/extensionHostProcess.js:686:1487)
    at processTicksAndRejections (node:internal/process/task_queues:104:5)
2026-06-14 16:07:33.927 [info] ExtensionService#_doActivateExtension vscode.npm, startup: true, activationEvent: 'workspaceContains:package.json'
2026-06-14 16:07:34.675 [info] ExtensionService#_doActivateExtension vscode.git, startup: false, activationEvent: '*'
2026-06-14 16:07:34.676 [info] ExtensionService#_doActivateExtension vscode.github, startup: false, activationEvent: '*'
2026-06-14 16:07:35.449 [info] Eager extensions activated
2026-06-14 16:07:35.449 [info] ExtensionService#_doActivateExtension vscode.debug-auto-launch, startup: false, activationEvent: 'onStartupFinished'
2026-06-14 16:07:35.450 [info] ExtensionService#_doActivateExtension vscode.merge-conflict, startup: false, activationEvent: 'onStartupFinished'
2026-06-14 16:07:35.451 [info] ExtensionService#_doActivateExtension GitHub.vscode-pull-request-github, startup: false, activationEvent: 'onStartupFinished'
2026-06-14 16:07:36.802 [info] ExtensionService#_doActivateExtension vscode.extension-editing, startup: false, activationEvent: 'onLanguage:markdown'
2026-06-14 16:07:36.898 [info] ExtensionService#_doActivateExtension vscode.markdown-math, startup: false, activationEvent: 'api', root cause: vscode.markdown-language-features
2026-06-14 16:07:36.898 [info] ExtensionService#_doActivateExtension vscode.mermaid-markdown-features, startup: false, activationEvent: 'api', root cause: vscode.markdown-language-features
2026-06-14 16:07:58.001 [info] ExtensionService#_doActivateExtension vscode.configuration-editing, startup: false, activationEvent: 'onLanguage:json'
2026-06-14 16:07:58.001 [info] ExtensionService#_doActivateExtension vscode.json-language-features, startup: false, activationEvent: 'onLanguage:json'
2026-06-14 16:08:02.277 [info] ExtensionService#_doActivateExtension vscode.typescript-language-features, startup: false, activationEvent: 'onLanguage:javascript'
2026-06-14 16:08:06.917 [info] ExtensionService#_doActivateExtension vscode.terminal-suggest, startup: false, activationEvent: 'onTerminalShellIntegration:*'
