2026-06-13 21:48:34.274 [warning] /home/codespace/.ssh/config: ENOENT: no such file or directory, open '/home/codespace/.ssh/config'
2026-06-13 21:48:34.274 [info] [Activation] Extension version: 0.148.0
2026-06-13 21:48:57.714 [info] [Authentication] Creating hub for .com
2026-06-13 21:49:01.319 [info] [Activation] Registering built in git provider.
2026-06-13 21:49:01.319 [info] [Activation] Looking for git repository
2026-06-13 21:49:01.319 [info] [Activation] Found 0 repositories during activation
2026-06-13 21:49:01.319 [info] [Activation] Git repository found, initializing review manager and pr tree view.
2026-06-13 21:49:01.362 [info] [GitAPI] Registering git provider
2026-06-13 21:49:01.362 [info] [Review+0] Validate state in progress
2026-06-13 21:49:01.362 [info] [Review+0] Validating state...
2026-06-13 21:49:02.484 [info] [FolderRepositoryManager+0] Found GitHub remote for folder /workspaces/little-lemon-capstone
2026-06-13 21:49:50.064 [info] [GitPostCommitCommands] Trying to register post commit commands.
2026-06-13 21:49:50.064 [info] [GitPostCommitCommands] GitHub remote(s) found, registering post commit commands.
2026-06-13 21:49:50.064 [info] [GitPostCommitCommands] Looking for remote. Comparing 1 local repo remotes with 1 GitHub repositories.
2026-06-13 21:49:50.064 [info] [GitPostCommitCommands] Found a repo when getting post commit commands.
2026-06-13 21:49:50.065 [info] [GitPostCommitCommands] Looking for remote. Comparing 1 local repo remotes with 1 GitHub repositories.
2026-06-13 21:49:50.065 [info] [GitPostCommitCommands] Found a repo when getting post commit commands.
2026-06-13 21:49:50.528 [info] [FolderRepositoryManager+0] Trying to use globalState for assignableUsers.
2026-06-13 21:49:50.528 [info] [FolderRepositoryManager+0] First activation: associating local branches with PRs
2026-06-13 21:49:50.639 [info] [Review+0] No matching pull request metadata found locally for current branch main
2026-06-13 21:49:52.201 [info] [FolderRepositoryManager+0] GlobalState does not exist for assignableUsers.
2026-06-13 21:49:52.857 [info] [FolderRepositoryManager+0] Branch association complete: 0 branches associated with PRs
2026-06-13 21:49:52.857 [info] [Review+0] No matching pull request metadata found on GitHub for current branch main
2026-06-13 21:54:01.353 [info] [Review+0] Polling for state change...
2026-06-13 21:54:01.353 [info] [Review+0] Validate state in progress
2026-06-13 21:54:01.353 [info] [Review+0] Validating state...
2026-06-13 21:54:01.468 [info] [FolderRepositoryManager+0] Found GitHub remote for folder /workspaces/little-lemon-capstone
2026-06-13 21:54:01.468 [info] [FolderRepositoryManager+0] Using in-memory cached assignable users.
2026-06-13 21:54:01.475 [info] [Review+0] No matching pull request metadata found locally for current branch main
2026-06-13 21:54:02.475 [info] [Review+0] No matching pull request metadata found on GitHub for current branch main
2026-06-13 21:59:02.796 [info] [Review+0] Polling for state change...
2026-06-13 21:59:02.796 [info] [Review+0] Validate state in progress
2026-06-13 21:59:02.797 [info] [Review+0] Validating state...
2026-06-13 22:01:02.798 [error] [Review+0] Timeout occurred while validating state.
2026-06-13 22:06:02.799 [info] [Review+0] Polling for state change...
2026-06-13 22:11:02.800 [info] [Review+0] Polling for state change...
2026-06-13 22:16:02.801 [info] [Review+0] Polling for state change...
2026-06-13 22:21:02.803 [info] [Review+0] Polling for state change...
