2026-06-14 16:07:35.659 [info] [main] Log level: Info
2026-06-14 16:07:35.659 [info] [main] Validating found git in: "git"
2026-06-14 16:07:35.659 [info] [main] Using git "2.53.0" from "git"
2026-06-14 16:07:35.659 [info] [Model][doInitialScan] Initial repository scan started
2026-06-14 16:07:35.659 [info] > git rev-parse --show-toplevel [5ms]
2026-06-14 16:07:35.659 [info] > git rev-parse --git-dir --git-common-dir --show-superproject-working-tree [4ms]
2026-06-14 16:07:36.286 [info] [Model][openRepository] Opened repository (path): /workspaces/little-lemon-capstone
2026-06-14 16:07:36.286 [info] [Model][openRepository] Opened repository (real path): /workspaces/little-lemon-capstone
2026-06-14 16:07:36.286 [info] [Model][openRepository] Opened repository (kind): repository
2026-06-14 16:07:36.527 [info] > git config --get --local core.virtualfilesystem [233ms]
2026-06-14 16:07:36.527 [warning] [Git][config] git config failed: Failed to execute git
2026-06-14 16:07:36.536 [info] > git rev-parse --show-toplevel [47ms]
2026-06-14 16:07:36.536 [info] > git config --get commit.template [56ms]
2026-06-14 16:07:36.576 [info] > git for-each-ref --format=%(refname)%00%(upstream:short)%00%(objectname)%00%(upstream:track)%00%(upstream:remotename)%00%(upstream:remoteref) refs/heads/main refs/remotes/main [5ms]
2026-06-14 16:07:36.577 [info] > git rev-parse --show-toplevel [23ms]
2026-06-14 16:07:36.580 [info] [Model][doInitialScan] Initial repository scan completed - repositories (1), closed repositories (0), parent repositories (0), unsafe repositories (0)
2026-06-14 16:07:36.600 [warning] [Git][revParse] Unable to read file: ENOENT: no such file or directory, open '/workspaces/little-lemon-capstone/.git/refs/remotes/origin/main'
2026-06-14 16:07:36.600 [info] > git rev-parse refs/remotes/origin/main [0ms]
2026-06-14 16:07:36.622 [info] > git status -z -uall [15ms]
2026-06-14 16:07:36.625 [info] > git for-each-ref --sort -committerdate --format %(refname)%00%(objectname)%00%(*objectname) [7ms]
2026-06-14 16:07:36.665 [info] > git for-each-ref --format=%(refname)%00%(upstream:short)%00%(objectname)%00%(upstream:track)%00%(upstream:remotename)%00%(upstream:remoteref) refs/heads/main refs/remotes/main [10ms]
2026-06-14 16:07:36.672 [info] > git config --get --local branch.main.vscode-merge-base [1ms]
2026-06-14 16:07:36.679 [info] > git config --get commit.template [15ms]
2026-06-14 16:07:36.688 [info] > git for-each-ref --format=%(refname)%00%(upstream:short)%00%(objectname)%00%(upstream:track)%00%(upstream:remotename)%00%(upstream:remoteref) refs/heads/origin/main refs/remotes/origin/main [10ms]
2026-06-14 16:07:36.705 [info] > git for-each-ref --format=%(refname)%00%(upstream:short)%00%(objectname)%00%(upstream:track)%00%(upstream:remotename)%00%(upstream:remoteref) refs/heads/main refs/remotes/main [18ms]
2026-06-14 16:07:36.713 [warning] [Git][revParse] Unable to read file: ENOENT: no such file or directory, open '/workspaces/little-lemon-capstone/.git/refs/remotes/origin/main'
2026-06-14 16:07:36.714 [info] > git merge-base refs/heads/main refs/remotes/origin/main [13ms]
2026-06-14 16:07:36.724 [info] > git rev-parse refs/remotes/origin/main [11ms]
2026-06-14 16:07:37.453 [info] > git status -z -uall [697ms]
2026-06-14 16:07:37.453 [info] > git for-each-ref --sort -committerdate --format %(refname)%00%(objectname)%00%(*objectname) [684ms]
2026-06-14 16:07:37.470 [info] > git diff --raw --numstat --diff-filter=ADMR -z --find-renames=50% 64fdc163561b7ed51b96c3bc59a6fbe5194f19e8...refs/remotes/origin/main -- [747ms]
2026-06-14 16:07:37.489 [info] > git check-ignore -v -z --stdin [12ms]
2026-06-14 16:07:37.490 [info] > git merge-base refs/heads/main refs/remotes/origin/main [23ms]
2026-06-14 16:07:37.516 [info] > git diff --raw --numstat --diff-filter=ADMR -z --find-renames=50% 64fdc163561b7ed51b96c3bc59a6fbe5194f19e8...refs/remotes/origin/main -- [18ms]
2026-06-14 16:07:38.311 [info] > git check-ignore -v -z --stdin [8ms]
2026-06-14 16:07:39.828 [info] > git config --local -l [1ms]
2026-06-14 16:07:40.117 [info] > git config --local -l [82ms]
2026-06-14 16:07:40.118 [info] > git config --local -l [91ms]
2026-06-14 16:07:40.120 [info] > git config --local -l [106ms]
2026-06-14 16:07:40.120 [info] > git config --local -l [117ms]
2026-06-14 16:07:40.586 [info] > git config --local -l [36ms]
2026-06-14 16:07:40.612 [info] > git config --local -l [70ms]
2026-06-14 16:07:40.613 [info] > git config --local -l [77ms]
2026-06-14 16:07:40.613 [info] > git config --local -l [84ms]
2026-06-14 16:07:40.614 [info] > git config --local -l [92ms]
2026-06-14 16:07:40.614 [info] > git config --local -l [98ms]
