2026-06-13 21:48:30.808 [info] Reading sessions from keychain...
2026-06-13 21:48:30.809 [info] Got stored sessions!
2026-06-13 21:48:30.809 [info] Got 6 verified sessions.
2026-06-13 21:48:30.809 [info] Getting sessions for all scopes...
2026-06-13 21:48:30.809 [info] Got 6 sessions for ...
2026-06-13 21:48:30.809 [info] Getting sessions for all scopes...
2026-06-13 21:48:30.809 [info] Got 6 sessions for ...
2026-06-13 21:48:31.616 [info] Getting sessions for all scopes...
2026-06-13 21:48:31.617 [info] Got 6 sessions for ...
2026-06-13 21:48:31.617 [info] Getting sessions for all scopes...
2026-06-13 21:48:31.617 [info] Got 6 sessions for ...
2026-06-13 21:48:31.623 [info] Getting sessions for codespace,read:user,repo,user:email...
2026-06-13 21:48:31.624 [info] Got 1 sessions for codespace,read:user,repo,user:email...
2026-06-13 21:48:36.341 [info] Getting sessions for all scopes...
2026-06-13 21:48:36.341 [info] Got 6 sessions for ...
2026-06-13 21:48:40.029 [info] Getting sessions for all scopes...
2026-06-13 21:48:40.029 [info] Got 6 sessions for ...
2026-06-13 21:48:40.312 [info] FetcherService: Node fetch failed with status: 429 Too Many Requests
2026-06-13 21:48:40.315 [info] Unable to resolve optional EDU details. Status: 429 Too Many Requests
2026-06-13 21:48:42.227 [info] Getting sessions for project,read:org,read:user,repo,user:email,workflow...
2026-06-13 21:48:42.227 [info] Got 0 sessions for project,read:org,read:user,repo,user:email,workflow...
2026-06-13 21:48:43.183 [info] Getting sessions for read:user,repo,user:email,workflow...
2026-06-13 21:48:43.183 [info] Got 1 sessions for read:user,repo,user:email,workflow...
2026-06-13 21:48:46.908 [info] Getting sessions for all scopes...
2026-06-13 21:48:46.908 [info] Got 6 sessions for ...
2026-06-13 21:48:49.483 [info] Getting sessions for all scopes...
2026-06-13 21:48:49.483 [info] Got 6 sessions for ...
2026-06-13 21:48:52.441 [info] Getting sessions for all scopes...
2026-06-13 21:48:52.441 [info] Got 6 sessions for ...
2026-06-13 21:48:52.478 [info] Getting sessions for read:user,repo,user:email,workflow...
2026-06-13 21:48:52.478 [info] Got 1 sessions for read:user,repo,user:email,workflow...
2026-06-13 21:50:16.519 [info] Getting sessions for all scopes...
2026-06-13 21:50:16.519 [info] Got 6 sessions for ...
2026-06-13 21:50:17.206 [info] Getting sessions for all scopes...
2026-06-13 21:50:17.206 [info] Got 6 sessions for ...
2026-06-13 21:50:17.463 [info] Getting sessions for all scopes...
2026-06-13 21:50:17.463 [info] Got 6 sessions for ...
2026-06-13 21:50:17.793 [info] Getting sessions for all scopes...
2026-06-13 21:50:17.793 [info] Got 6 sessions for ...
2026-06-13 21:50:17.918 [info] Getting sessions for all scopes...
2026-06-13 21:50:17.919 [info] Got 6 sessions for ...
2026-06-13 21:50:18.491 [info] Getting sessions for all scopes...
2026-06-13 21:50:18.491 [info] Got 6 sessions for ...
2026-06-13 21:50:22.608 [info] Getting sessions for user:email...
2026-06-13 21:50:22.608 [info] Got 1 sessions for user:email...
2026-06-13 21:50:23.209 [info] Getting sessions for all scopes...
2026-06-13 21:50:23.209 [info] Got 6 sessions for ...
2026-06-13 21:50:24.846 [info] Getting sessions for all scopes...
2026-06-13 21:50:24.846 [info] Got 6 sessions for ...
2026-06-13 21:50:24.846 [info] Getting sessions for all scopes...
2026-06-13 21:50:24.846 [info] Got 6 sessions for ...
2026-06-13 21:50:27.684 [info] Getting sessions for all scopes...
2026-06-13 21:50:27.684 [info] Got 6 sessions for ...
