2026-06-14 15:46:32.337 [info] [main] Log level: Info
2026-06-14 15:46:32.337 [info] [main] Validating found git in: "git"
2026-06-14 15:46:32.337 [info] [main] Using git "2.53.0" from "git"
2026-06-14 15:46:32.337 [info] [Model][doInitialScan] Initial repository scan started
2026-06-14 15:46:32.337 [info] > git rev-parse --show-toplevel [217ms]
2026-06-14 15:46:32.337 [info] > git rev-parse --git-dir --git-common-dir --show-superproject-working-tree [6ms]
2026-06-14 15:46:34.260 [info] [Model][openRepository] Opened repository (path): /workspaces/little-lemon-capstone
2026-06-14 15:46:34.260 [info] [Model][openRepository] Opened repository (real path): /workspaces/little-lemon-capstone
2026-06-14 15:46:34.260 [info] [Model][openRepository] Opened repository (kind): repository
2026-06-14 15:46:34.583 [info] > git config --get --local core.virtualfilesystem [303ms]
2026-06-14 15:46:34.584 [warning] [Git][config] git config failed: Failed to execute git
2026-06-14 15:46:34.586 [info] > git rev-parse --show-toplevel [5ms]
2026-06-14 15:46:34.587 [info] > git config --get commit.template [11ms]
2026-06-14 15:46:34.608 [info] > git rev-parse --show-toplevel [14ms]
2026-06-14 15:46:34.613 [info] [Model][doInitialScan] Initial repository scan completed - repositories (1), closed repositories (0), parent repositories (0), unsafe repositories (0)
2026-06-14 15:46:34.614 [info] > git for-each-ref --format=%(refname)%00%(upstream:short)%00%(objectname)%00%(upstream:track)%00%(upstream:remotename)%00%(upstream:remoteref) refs/heads/main refs/remotes/main [10ms]
2026-06-14 15:46:34.623 [warning] [Git][revParse] Unable to read file: ENOENT: no such file or directory, open '/workspaces/little-lemon-capstone/.git/refs/remotes/origin/main'
2026-06-14 15:46:34.626 [info] > git rev-parse refs/remotes/origin/main [0ms]
2026-06-14 15:46:34.650 [info] > git status -z -uall [15ms]
2026-06-14 15:46:34.654 [info] > git for-each-ref --sort -committerdate --format %(refname)%00%(objectname)%00%(*objectname) [5ms]
2026-06-14 15:46:34.703 [info] > git for-each-ref --format=%(refname)%00%(upstream:short)%00%(objectname)%00%(upstream:track)%00%(upstream:remotename)%00%(upstream:remoteref) refs/heads/main refs/remotes/main [11ms]
2026-06-14 15:46:34.715 [info] > git config --get --local branch.main.vscode-merge-base [5ms]
2026-06-14 15:46:34.720 [info] > git config --get commit.template [17ms]
2026-06-14 15:46:34.730 [info] > git for-each-ref --format=%(refname)%00%(upstream:short)%00%(objectname)%00%(upstream:track)%00%(upstream:remotename)%00%(upstream:remoteref) refs/heads/main refs/remotes/main [0ms]
2026-06-14 15:46:34.731 [info] > git for-each-ref --format=%(refname)%00%(upstream:short)%00%(objectname)%00%(upstream:track)%00%(upstream:remotename)%00%(upstream:remoteref) refs/heads/origin/main refs/remotes/origin/main [11ms]
2026-06-14 15:46:34.750 [warning] [Git][revParse] Unable to read file: ENOENT: no such file or directory, open '/workspaces/little-lemon-capstone/.git/refs/remotes/origin/main'
2026-06-14 15:46:34.750 [info] > git merge-base refs/heads/main refs/remotes/origin/main [13ms]
2026-06-14 15:46:34.770 [info] > git diff --raw --numstat --diff-filter=ADMR -z --find-renames=50% 64fdc163561b7ed51b96c3bc59a6fbe5194f19e8...refs/remotes/origin/main -- [13ms]
2026-06-14 15:46:34.771 [info] > git rev-parse refs/remotes/origin/main [21ms]
2026-06-14 15:46:34.790 [info] > git status -z -uall [12ms]
2026-06-14 15:46:34.790 [info] > git for-each-ref --sort -committerdate --format %(refname)%00%(objectname)%00%(*objectname) [5ms]
2026-06-14 15:46:36.352 [info] > git check-ignore -v -z --stdin [2ms]
2026-06-14 15:46:37.287 [info] > git check-ignore -v -z --stdin [2ms]
2026-06-14 15:46:50.288 [info] > git config --local -l [1ms]
2026-06-14 15:46:51.837 [info] > git config --local -l [52ms]
2026-06-14 15:46:51.839 [info] > git config --local -l [66ms]
2026-06-14 15:46:51.846 [info] > git config --local -l [93ms]
2026-06-14 15:46:51.847 [info] > git config --local -l [115ms]
2026-06-14 15:46:53.986 [info] > git config --local -l [21ms]
2026-06-14 15:46:54.008 [info] > git config --local -l [52ms]
2026-06-14 15:46:54.009 [info] > git config --local -l [60ms]
2026-06-14 15:46:54.009 [info] > git config --local -l [69ms]
2026-06-14 15:46:54.010 [info] > git config --local -l [79ms]
2026-06-14 15:46:54.010 [info] > git config --local -l [91ms]
2026-06-14 15:51:50.294 [info] > git config --local -l [2ms]
2026-06-14 15:51:50.411 [info] > git config --local -l [1ms]
