2026-06-14 16:07:36.600 [warning] /home/codespace/.ssh/config: ENOENT: no such file or directory, open '/home/codespace/.ssh/config'
2026-06-14 16:07:36.600 [info] [Activation] Extension version: 0.148.0
2026-06-14 16:07:39.542 [info] [Authentication] Creating hub for .com
2026-06-14 16:07:39.818 [info] [Activation] Registering built in git provider.
2026-06-14 16:07:39.818 [info] [Activation] Looking for git repository
2026-06-14 16:07:39.818 [info] [Activation] Found 0 repositories during activation
2026-06-14 16:07:39.818 [info] [Activation] Git repository found, initializing review manager and pr tree view.
2026-06-14 16:07:39.827 [info] [GitAPI] Registering git provider
2026-06-14 16:07:39.827 [info] [Review+0] Validate state in progress
2026-06-14 16:07:39.827 [info] [Review+0] Validating state...
2026-06-14 16:07:40.038 [info] [FolderRepositoryManager+0] Found GitHub remote for folder /workspaces/little-lemon-capstone
2026-06-14 16:07:40.240 [info] [GitPostCommitCommands] Trying to register post commit commands.
2026-06-14 16:07:40.240 [info] [GitPostCommitCommands] GitHub remote(s) found, registering post commit commands.
2026-06-14 16:07:40.240 [info] [GitPostCommitCommands] Looking for remote. Comparing 1 local repo remotes with 1 GitHub repositories.
2026-06-14 16:07:40.240 [info] [GitPostCommitCommands] Found a repo when getting post commit commands.
2026-06-14 16:07:40.240 [info] [GitPostCommitCommands] Looking for remote. Comparing 1 local repo remotes with 1 GitHub repositories.
2026-06-14 16:07:40.240 [info] [GitPostCommitCommands] Found a repo when getting post commit commands.
2026-06-14 16:07:40.543 [info] [FolderRepositoryManager+0] Trying to use globalState for assignableUsers.
2026-06-14 16:07:40.587 [info] [Review+0] No matching pull request metadata found locally for current branch main
2026-06-14 16:07:41.135 [info] [FolderRepositoryManager+0] Using globalState assignableUsers for 1.
2026-06-14 16:07:41.435 [info] [Review+0] No matching pull request metadata found on GitHub for current branch main
